<?xml version="1.0" encoding="UTF-8" standalone="no"?>
<!DOCTYPE log SYSTEM "logger.dtd">
<head/><log>
<record>
  <date>2016-09-16T14:19:03.994-0300</date>
  <logger>JOSE MANOEL DOS SANTOS FERREIRA</logger>
  <level>FINE</level>
  <message>File 114211026-JOSE MANOEL DOS SANTOS FERREIRA.zip was received. It was sent by JOSE MANOEL DOS SANTOS FERREIRA from IP 150.165.74.106</message>
</record>
</log>
<?xml version="1.0" encoding="UTF-8" standalone="no"?>
<!DOCTYPE log SYSTEM "logger.dtd">
<log>
<record>
  <date>2016-09-16T14:47:39.517-0300</date>
  <logger>JOSE MANOEL DOS SANTOS FERREIRA</logger>
  <level>FINE</level>
  <message>File 114211026-JOSE MANOEL DOS SANTOS FERREIRA.zip was received. It was sent by JOSE MANOEL DOS SANTOS FERREIRA from IP 150.165.74.106</message>
</record>
</log>
<?xml version="1.0" encoding="UTF-8" standalone="no"?>
<!DOCTYPE log SYSTEM "logger.dtd">
<log>
<record>
  <date>2016-09-16T15:35:15.459-0300</date>
  <logger>JOSE MANOEL DOS SANTOS FERREIRA</logger>
  <level>FINE</level>
  <message>File 114211026-JOSE MANOEL DOS SANTOS FERREIRA.zip was received. It was sent by JOSE MANOEL DOS SANTOS FERREIRA from IP 150.165.74.106</message>
</record>
