<?xml version="1.0" encoding="UTF-8" standalone="no"?>
<!DOCTYPE log SYSTEM "logger.dtd">
<head/><log>
<record>
  <date>2016-08-19T21:09:15.056-0300</date>
  <logger>JOSE MANOEL DOS SANTOS FERREIRA</logger>
  <level>FINE</level>
  <message>File 114211026-JOSE MANOEL DOS SANTOS FERREIRA.zip was received. It was sent by JOSE MANOEL DOS SANTOS FERREIRA from IP 127.0.1.1</message>
</record>
</log>
<?xml version="1.0" encoding="UTF-8" standalone="no"?>
<!DOCTYPE log SYSTEM "logger.dtd">
<log>
<record>
  <date>2016-08-19T21:23:13.185-0300</date>
  <logger>JOSE MANOEL DOS SANTOS FERREIRA</logger>
  <level>FINE</level>
  <message>File 114211026-JOSE MANOEL DOS SANTOS FERREIRA.zip was received. It was sent by JOSE MANOEL DOS SANTOS FERREIRA from IP 127.0.1.1</message>
</record>
</log>
<?xml version="1.0" encoding="UTF-8" standalone="no"?>
<!DOCTYPE log SYSTEM "logger.dtd">
<log>
<record>
  <date>2016-08-19T23:54:42.482-0300</date>
  <logger>JOSE MANOEL DOS SANTOS FERREIRA</logger>
  <level>FINE</level>
  <message>File 114211026-JOSE MANOEL DOS SANTOS FERREIRA.zip was received. It was sent by JOSE MANOEL DOS SANTOS FERREIRA from IP 127.0.1.1</message>
</record>
