<?xml version="1.0" encoding="UTF-8" standalone="no"?>
<!DOCTYPE log SYSTEM "logger.dtd">
<head/><log>
<record>
  <date>2016-07-06T22:18:40.326-0300</date>
  <logger>JOSE MANOEL DOS SANTOS FERREIRA</logger>
  <level>FINE</level>
  <message>File JOSE MANOEL DOS SANTOS FERREIRA.zip was received. It was sent by JOSE MANOEL DOS SANTOS FERREIRA</message>
</record>
</log>
<?xml version="1.0" encoding="UTF-8" standalone="no"?>
<!DOCTYPE log SYSTEM "logger.dtd">
<log>
<record>
  <date>2016-07-07T01:58:44.631-0300</date>
  <logger>JOSE MANOEL DOS SANTOS FERREIRA</logger>
  <level>FINE</level>
  <message>File JOSE MANOEL DOS SANTOS FERREIRA.zip was received. It was sent by JOSE MANOEL DOS SANTOS FERREIRA</message>
</record>
</log>
<?xml version="1.0" encoding="UTF-8" standalone="no"?>
<!DOCTYPE log SYSTEM "logger.dtd">
<log>
<record>
  <date>2016-07-07T02:15:48.146-0300</date>
  <logger>JOSE MANOEL DOS SANTOS FERREIRA</logger>
  <level>FINE</level>
  <message>File JOSE MANOEL DOS SANTOS FERREIRA.zip was received. It was sent by JOSE MANOEL DOS SANTOS FERREIRA</message>
</record>
</log>
<?xml version="1.0" encoding="UTF-8" standalone="no"?>
<!DOCTYPE log SYSTEM "logger.dtd">
<log>
<record>
  <date>2016-07-07T03:45:39.791-0300</date>
  <logger>JOSE MANOEL DOS SANTOS FERREIRA</logger>
  <level>FINE</level>
  <message>File JOSE MANOEL DOS SANTOS FERREIRA.zip was received. It was sent by JOSE MANOEL DOS SANTOS FERREIRA</message>
</record>
